<?xml version="1.0" encoding="UTF-8"?>
<!-- Generated by org.testng.reporters.JUnitXMLReporter -->
<testsuite ignored="1" hostname="DESKTOP-ENO29IB" failures="2" tests="11" name="Test" time="0.463" errors="0" timestamp="2023-11-11T12:28:30 GMT-05:00">
  <testcase classname="test.BrowserType" name="chromebrowser" time="0.0">
    <failure type="org.testng.TestNGException" message="
Parameter &amp;apos;CommonURL&amp;apos; is required by @Test on method chromebrowser but has not been marked @Optional or defined
in C:\Users\user\Documents\Neelu\eclipse_workspace\testnglearning2\testngParallelTest.xml">
      <![CDATA[org.testng.TestNGException: 
Parameter 'CommonURL' is required by @Test on method chromebrowser but has not been marked @Optional or defined
in C:\Users\user\Documents\Neelu\eclipse_workspace\testnglearning2\testngParallelTest.xml
at java.base/java.util.concurrent.ThreadPoolExecutor.runWorker(ThreadPoolExecutor.java:1144)
at java.base/java.util.concurrent.ThreadPoolExecutor$Worker.run(ThreadPoolExecutor.java:642)
at java.base/java.lang.Thread.run(Thread.java:1623)
... Removed 11 stack frames]]>
    </failure>
  </testcase> <!-- chromebrowser -->
  <testcase classname="test.DesktopOSType" name="iOSdevice" time="0.015"/>
  <testcase classname="test.BrowserType" name="firefoxbrowser" time="0.058"/>
  <testcase classname="test.MobileOSType" name="androiddevice" time="0.006"/>
  <testcase classname="test.DesktopOSType" name="windowsdevice" time="0.0">
    <failure type="org.testng.TestNGException" message="
Parameter &amp;apos;WindowsTestUrl&amp;apos; is required by @Test on method windowsdevice but has not been marked @Optional or defined
in C:\Users\user\Documents\Neelu\eclipse_workspace\testnglearning2\testngParallelTest.xml">
      <![CDATA[org.testng.TestNGException: 
Parameter 'WindowsTestUrl' is required by @Test on method windowsdevice but has not been marked @Optional or defined
in C:\Users\user\Documents\Neelu\eclipse_workspace\testnglearning2\testngParallelTest.xml
at java.base/java.util.concurrent.ThreadPoolExecutor.runWorker(ThreadPoolExecutor.java:1144)
at java.base/java.util.concurrent.ThreadPoolExecutor$Worker.run(ThreadPoolExecutor.java:642)
at java.base/java.lang.Thread.run(Thread.java:1623)
... Removed 11 stack frames]]>
    </failure>
  </testcase> <!-- windowsdevice -->
  <testcase classname="test.Login" name="SignIn" time="0.033"/>
  <testcase classname="test.Login" name="SignIn" time="0.004"/>
  <testcase classname="test.MobileOSType" name="iOSMobiledevice" time="0.01"/>
  <testcase classname="test.Login" name="SignIn" time="0.006"/>
  <testcase classname="test.Login" name="SignIn" time="0.002"/>
  <testcase classname="test.BrowserType" name="edgebrowser" time="0.002"/>
  <testcase classname="test.BrowserType" name="safaribrowser" time="0.0">
    <ignored/>
  </testcase> <!-- safaribrowser -->
</testsuite> <!-- Test -->
