<html>
<head>
<title>TestNG:  Test</title>
<link href="../testng.css" rel="stylesheet" type="text/css" />
<link href="../my-testng.css" rel="stylesheet" type="text/css" />

<style type="text/css">
.log { display: none;} 
.stack-trace { display: none;} 
</style>
<script type="text/javascript">
<!--
function flip(e) {
  current = e.style.display;
  if (current == 'block') {
    e.style.display = 'none';
    return 0;
  }
  else {
    e.style.display = 'block';
    return 1;
  }
}

function toggleBox(szDivId, elem, msg1, msg2)
{
  var res = -1;  if (document.getElementById) {
    res = flip(document.getElementById(szDivId));
  }
  else if (document.all) {
    // this is the way old msie versions work
    res = flip(document.all[szDivId]);
  }
  if(elem) {
    if(res == 0) elem.innerHTML = msg1; else elem.innerHTML = msg2;
  }

}

function toggleAllBoxes() {
  if (document.getElementsByTagName) {
    d = document.getElementsByTagName('div');
    for (i = 0; i < d.length; i++) {
      if (d[i].className == 'log') {
        flip(d[i]);
      }
    }
  }
}

// -->
</script>

</head>
<body>
<h2 align='center'>Test</h2><table border='1' align="center">
<tr>
<td>Tests passed/Failed/Skipped:</td><td>9/2/0</td>
</tr><tr>
<td>Started on:</td><td>Sat Nov 11 12:28:29 EST 2023</td>
</tr>
<tr><td>Total time:</td><td>0 seconds (463 ms)</td>
</tr><tr>
<td>Included groups:</td><td></td>
</tr><tr>
<td>Excluded groups:</td><td></td>
</tr>
</table><p/>
<small><i>(Hover the method name to see the test class name)</i></small><p/>
<table width='100%' border='1' class='invocation-failed'>
<tr><td colspan='4' align='center'><b>FAILED TESTS</b></td></tr>
<tr><td><b>Test method</b></td>
<td><b>Attribute(s)</b></td>
<td width="30%"><b>Exception</b></td>
<td width="10%"><b>Time (seconds)</b></td>
<td><b>Instance</b></td>
</tr>
<tr>
<td title='test.BrowserType.chromebrowser()'><b>chromebrowser</b><br>Test class: test.BrowserType</td>
<td><div><pre>org.testng.TestNGException: 
Parameter &apos;CommonURL&apos; is required by @Test on method chromebrowser but has not been marked @Optional or defined
in C:\Users\user\Documents\Neelu\eclipse_workspace\testnglearning2\testngParallelTest.xml
	at java.base/java.util.concurrent.ThreadPoolExecutor.runWorker(ThreadPoolExecutor.java:1144)
	at java.base/java.util.concurrent.ThreadPoolExecutor$Worker.run(ThreadPoolExecutor.java:642)
	at java.base/java.lang.Thread.run(Thread.java:1623)
... Removed 11 stack frames</pre></div><a href='#' onClick='toggleBox("stack-trace1057745454", this, "Click to show all stack frames", "Click to hide stack frames")'>Click to show all stack frames</a>
<div class='stack-trace' id='stack-trace1057745454'><pre>org.testng.TestNGException: 
Parameter &apos;CommonURL&apos; is required by @Test on method chromebrowser but has not been marked @Optional or defined
in C:\Users\user\Documents\Neelu\eclipse_workspace\testnglearning2\testngParallelTest.xml
	at org.testng.internal.Parameters.createParams(Parameters.java:267)
	at org.testng.internal.Parameters.createParametersForMethod(Parameters.java:355)
	at org.testng.internal.Parameters.createParameters(Parameters.java:684)
	at org.testng.internal.Parameters.handleParameters(Parameters.java:879)
	at org.testng.internal.Parameters.handleParameters(Parameters.java:728)
	at org.testng.internal.invokers.ParameterHandler.handleParameters(ParameterHandler.java:72)
	at org.testng.internal.invokers.ParameterHandler.createParameters(ParameterHandler.java:51)
	at org.testng.internal.invokers.TestInvoker$MethodInvocationAgent.invoke(TestInvoker.java:911)
	at org.testng.internal.invokers.TestInvoker.invokeTestMethods(TestInvoker.java:200)
	at org.testng.internal.invokers.TestMethodWorker.invokeTestMethods(TestMethodWorker.java:148)
	at org.testng.internal.invokers.TestMethodWorker.run(TestMethodWorker.java:128)
	at java.base/java.util.concurrent.ThreadPoolExecutor.runWorker(ThreadPoolExecutor.java:1144)
	at java.base/java.util.concurrent.ThreadPoolExecutor$Worker.run(ThreadPoolExecutor.java:642)
	at java.base/java.lang.Thread.run(Thread.java:1623)
</pre></div></td>
<td>0</td>
<td>test.BrowserType@74235045</td></tr>
<tr>
<td title='test.DesktopOSType.windowsdevice()'><b>windowsdevice</b><br>Test class: test.DesktopOSType</td>
<td><div><pre>org.testng.TestNGException: 
Parameter &apos;WindowsTestUrl&apos; is required by @Test on method windowsdevice but has not been marked @Optional or defined
in C:\Users\user\Documents\Neelu\eclipse_workspace\testnglearning2\testngParallelTest.xml
	at java.base/java.util.concurrent.ThreadPoolExecutor.runWorker(ThreadPoolExecutor.java:1144)
	at java.base/java.util.concurrent.ThreadPoolExecutor$Worker.run(ThreadPoolExecutor.java:642)
	at java.base/java.lang.Thread.run(Thread.java:1623)
... Removed 11 stack frames</pre></div><a href='#' onClick='toggleBox("stack-trace1597826529", this, "Click to show all stack frames", "Click to hide stack frames")'>Click to show all stack frames</a>
<div class='stack-trace' id='stack-trace1597826529'><pre>org.testng.TestNGException: 
Parameter &apos;WindowsTestUrl&apos; is required by @Test on method windowsdevice but has not been marked @Optional or defined
in C:\Users\user\Documents\Neelu\eclipse_workspace\testnglearning2\testngParallelTest.xml
	at org.testng.internal.Parameters.createParams(Parameters.java:267)
	at org.testng.internal.Parameters.createParametersForMethod(Parameters.java:355)
	at org.testng.internal.Parameters.createParameters(Parameters.java:684)
	at org.testng.internal.Parameters.handleParameters(Parameters.java:879)
	at org.testng.internal.Parameters.handleParameters(Parameters.java:728)
	at org.testng.internal.invokers.ParameterHandler.handleParameters(ParameterHandler.java:72)
	at org.testng.internal.invokers.ParameterHandler.createParameters(ParameterHandler.java:51)
	at org.testng.internal.invokers.TestInvoker$MethodInvocationAgent.invoke(TestInvoker.java:911)
	at org.testng.internal.invokers.TestInvoker.invokeTestMethods(TestInvoker.java:200)
	at org.testng.internal.invokers.TestMethodWorker.invokeTestMethods(TestMethodWorker.java:148)
	at org.testng.internal.invokers.TestMethodWorker.run(TestMethodWorker.java:128)
	at java.base/java.util.concurrent.ThreadPoolExecutor.runWorker(ThreadPoolExecutor.java:1144)
	at java.base/java.util.concurrent.ThreadPoolExecutor$Worker.run(ThreadPoolExecutor.java:642)
	at java.base/java.lang.Thread.run(Thread.java:1623)
</pre></div></td>
<td>0</td>
<td>test.DesktopOSType@2b71e916</td></tr>
</table><p>
<table width='100%' border='1' class='invocation-passed'>
<tr><td colspan='4' align='center'><b>PASSED TESTS</b></td></tr>
<tr><td><b>Test method</b></td>
<td><b>Attribute(s)</b></td>
<td width="30%"><b>Exception</b></td>
<td width="10%"><b>Time (seconds)</b></td>
<td><b>Instance</b></td>
</tr>
<tr>
<td title='test.Login.SignIn()'><b>SignIn</b><br>Test class: test.Login<br>Parameters: wfuname, wfpasswd</td>
<td></td>
<td>0</td>
<td>test.Login@28701274</td></tr>
<tr>
<td title='test.DesktopOSType.iOSdevice()'><b>iOSdevice</b><br>Test class: test.DesktopOSType</td>
<td></td>
<td>0</td>
<td>test.DesktopOSType@2b71e916</td></tr>
<tr>
<td title='test.Login.SignIn()'><b>SignIn</b><br>Test class: test.Login<br>Parameters: wsname, spasswd</td>
<td></td>
<td>0</td>
<td>test.Login@28701274</td></tr>
<tr>
<td title='test.Login.SignIn()'><b>SignIn</b><br>Test class: test.Login<br>Parameters: fname, fpasswd</td>
<td></td>
<td>0</td>
<td>test.Login@28701274</td></tr>
<tr>
<td title='test.MobileOSType.androiddevice()'><b>androiddevice</b><br>Test class: test.MobileOSType</td>
<td></td>
<td>0</td>
<td>test.MobileOSType@36fc695d</td></tr>
<tr>
<td title='test.MobileOSType.iOSMobiledevice()'><b>iOSMobiledevice</b><br>Test class: test.MobileOSType</td>
<td></td>
<td>0</td>
<td>test.MobileOSType@36fc695d</td></tr>
<tr>
<td title='test.Login.SignIn()'><b>SignIn</b><br>Test class: test.Login<br>Parameters: tuname, wtpasswd</td>
<td></td>
<td>0</td>
<td>test.Login@28701274</td></tr>
<tr>
<td title='test.BrowserType.firefoxbrowser()'><b>firefoxbrowser</b><br>Test class: test.BrowserType</td>
<td></td>
<td>0</td>
<td>test.BrowserType@74235045</td></tr>
<tr>
<td title='test.BrowserType.edgebrowser()'><b>edgebrowser</b><br>Test class: test.BrowserType</td>
<td></td>
<td>0</td>
<td>test.BrowserType@74235045</td></tr>
</table><p>
</body>
</html>