<?xml version="1.0" encoding="UTF-8"?>
<!-- Generated by org.testng.reporters.JUnitXMLReporter -->
<testsuite ignored="1" hostname="DESKTOP-ENO29IB" failures="2" tests="7" name="iOSTest" time="0.225" errors="0" timestamp="2023-11-11T12:38:15 GMT-05:00">
  <testcase classname="test.BrowserType" name="chromebrowser" time="0.0">
    <failure type="org.testng.TestNGException" message="
Parameter &amp;apos;CommonURL&amp;apos; is required by @Test on method chromebrowser but has not been marked @Optional or defined
in C:\Users\user\Documents\Neelu\eclipse_workspace\TestNGlearning\testngTestLevel.xml">
      <![CDATA[org.testng.TestNGException: 
Parameter 'CommonURL' is required by @Test on method chromebrowser but has not been marked @Optional or defined
in C:\Users\user\Documents\Neelu\eclipse_workspace\TestNGlearning\testngTestLevel.xml
at java.base/java.util.ArrayList.forEach(ArrayList.java:1511)
... Removed 26 stack frames]]>
    </failure>
  </testcase> <!-- chromebrowser -->
  <testcase classname="test.BrowserType" name="firefoxbrowser" time="0.022"/>
  <testcase classname="test.BrowserType" name="edgebrowser" time="0.013"/>
  <testcase classname="test.DesktopOSType" name="iOSdevice" time="0.005"/>
  <testcase classname="test.DesktopOSType" name="windowsdevice" time="0.0">
    <failure type="org.testng.TestNGException" message="
Parameter &amp;apos;WindowsTestUrl&amp;apos; is required by @Test on method windowsdevice but has not been marked @Optional or defined
in C:\Users\user\Documents\Neelu\eclipse_workspace\TestNGlearning\testngTestLevel.xml">
      <![CDATA[org.testng.TestNGException: 
Parameter 'WindowsTestUrl' is required by @Test on method windowsdevice but has not been marked @Optional or defined
in C:\Users\user\Documents\Neelu\eclipse_workspace\TestNGlearning\testngTestLevel.xml
at java.base/java.util.ArrayList.forEach(ArrayList.java:1511)
... Removed 26 stack frames]]>
    </failure>
  </testcase> <!-- windowsdevice -->
  <testcase classname="test.MobileOSType" name="androiddevice" time="0.004"/>
  <testcase classname="test.MobileOSType" name="iOSMobiledevice" time="0.003"/>
  <testcase classname="test.BrowserType" name="safaribrowser" time="0.0">
    <ignored/>
  </testcase> <!-- safaribrowser -->
</testsuite> <!-- iOSTest -->
